0 info it worked if it ends with ok
1 verbose cli [ '/usr/local/bin/node',
1 verbose cli   '/usr/local/bin/npm',
1 verbose cli   'i',
1 verbose cli   '-g',
1 verbose cli   'eslint',
1 verbose cli   '[eslint-plugins]' ]
2 info using npm@3.10.10
3 info using node@v6.10.2
4 silly loadCurrentTree Starting
5 silly install loadCurrentTree
6 silly install readGlobalPackageData
7 silly fetchPackageMetaData eslint
8 silly fetchPackageMetaData [eslint-plugins]
9 silly fetchNamedPackageData eslint
10 silly mapToRegistry name eslint
11 silly mapToRegistry using default registry
12 silly mapToRegistry registry https://registry.npmjs.org/
13 silly mapToRegistry data Result {
13 silly mapToRegistry   raw: 'eslint',
13 silly mapToRegistry   scope: null,
13 silly mapToRegistry   escapedName: 'eslint',
13 silly mapToRegistry   name: 'eslint',
13 silly mapToRegistry   rawSpec: '',
13 silly mapToRegistry   spec: 'latest',
13 silly mapToRegistry   type: 'tag' }
14 silly mapToRegistry uri https://registry.npmjs.org/eslint
15 silly fetchOtherPackageData [eslint-plugins]
16 silly cache add args [ '[eslint-plugins]', null ]
17 verbose cache add spec [eslint-plugins]
18 verbose request uri https://registry.npmjs.org/eslint
19 verbose request no auth needed
20 info attempt registry request try #1 at 9:29:11 PM
21 verbose request id b75a1c918fec899d
22 http request GET https://registry.npmjs.org/eslint
23 silly cache add parsed spec Result {
23 silly cache add   raw: '[eslint-plugins]',
23 silly cache add   scope: null,
23 silly cache add   escapedName: null,
23 silly cache add   name: null,
23 silly cache add   rawSpec: '[eslint-plugins]',
23 silly cache add   spec: '/Users/joe.kholodenko/Desktop/TestFirst-Part-1/04-Loops/[eslint-plugins]',
23 silly cache add   type: 'local' }
24 error addLocal Could not install /Users/joe.kholodenko/Desktop/TestFirst-Part-1/04-Loops/[eslint-plugins]
25 silly fetchPackageMetaData Error: ENOENT: no such file or directory, open '/Users/joe.kholodenko/Desktop/TestFirst-Part-1/04-Loops/[eslint-plugins]'
25 silly fetchPackageMetaData     at Error (native)
25 silly fetchPackageMetaData  error for [eslint-plugins] { Error: ENOENT: no such file or directory, open '/Users/joe.kholodenko/Desktop/TestFirst-Part-1/04-Loops/[eslint-plugins]'
25 silly fetchPackageMetaData     at Error (native)
25 silly fetchPackageMetaData   errno: -2,
25 silly fetchPackageMetaData   code: 'ENOENT',
25 silly fetchPackageMetaData   syscall: 'open',
25 silly fetchPackageMetaData   path: '/Users/joe.kholodenko/Desktop/TestFirst-Part-1/04-Loops/[eslint-plugins]' }
26 http 200 https://registry.npmjs.org/eslint
27 verbose headers { server: 'nginx/1.10.1',
27 verbose headers   'content-type': 'application/json',
27 verbose headers   'last-modified': 'Tue, 23 May 2017 12:20:49 GMT',
27 verbose headers   etag: 'W/"59242921-707c1"',
27 verbose headers   'content-encoding': 'gzip',
27 verbose headers   'cache-control': 'max-age=300',
27 verbose headers   'content-length': '27801',
27 verbose headers   'accept-ranges': 'bytes',
27 verbose headers   date: 'Fri, 26 May 2017 01:29:11 GMT',
27 verbose headers   via: '1.1 varnish',
27 verbose headers   age: '22',
27 verbose headers   connection: 'keep-alive',
27 verbose headers   'x-served-by': 'cache-jfk8150-JFK',
27 verbose headers   'x-cache': 'HIT',
27 verbose headers   'x-cache-hits': '1',
27 verbose headers   'x-timer': 'S1495762151.320316,VS0,VE1',
27 verbose headers   vary: 'Accept-Encoding' }
28 silly get cb [ 200,
28 silly get   { server: 'nginx/1.10.1',
28 silly get     'content-type': 'application/json',
28 silly get     'last-modified': 'Tue, 23 May 2017 12:20:49 GMT',
28 silly get     etag: 'W/"59242921-707c1"',
28 silly get     'content-encoding': 'gzip',
28 silly get     'cache-control': 'max-age=300',
28 silly get     'content-length': '27801',
28 silly get     'accept-ranges': 'bytes',
28 silly get     date: 'Fri, 26 May 2017 01:29:11 GMT',
28 silly get     via: '1.1 varnish',
28 silly get     age: '22',
28 silly get     connection: 'keep-alive',
28 silly get     'x-served-by': 'cache-jfk8150-JFK',
28 silly get     'x-cache': 'HIT',
28 silly get     'x-cache-hits': '1',
28 silly get     'x-timer': 'S1495762151.320316,VS0,VE1',
28 silly get     vary: 'Accept-Encoding' } ]
29 verbose get saving eslint to /Users/joe.kholodenko/.npm/registry.npmjs.org/eslint/.cache.json
30 verbose correctMkdir /Users/joe.kholodenko/.npm correctMkdir not in flight; initializing
31 silly rollbackFailedOptional Starting
32 silly rollbackFailedOptional Finishing
33 silly runTopLevelLifecycles Finishing
34 silly install printInstalled
35 verbose stack Error: ENOENT: no such file or directory, open '/Users/joe.kholodenko/Desktop/TestFirst-Part-1/04-Loops/[eslint-plugins]'
35 verbose stack     at Error (native)
36 verbose cwd /Users/joe.kholodenko/Desktop/TestFirst-Part-1/04-Loops
37 error Darwin 15.6.0
38 error argv "/usr/local/bin/node" "/usr/local/bin/npm" "i" "-g" "eslint" "[eslint-plugins]"
39 error node v6.10.2
40 error npm  v3.10.10
41 error path /Users/joe.kholodenko/Desktop/TestFirst-Part-1/04-Loops/[eslint-plugins]
42 error code ENOENT
43 error errno -2
44 error syscall open
45 error enoent ENOENT: no such file or directory, open '/Users/joe.kholodenko/Desktop/TestFirst-Part-1/04-Loops/[eslint-plugins]'
46 error enoent ENOENT: no such file or directory, open '/Users/joe.kholodenko/Desktop/TestFirst-Part-1/04-Loops/[eslint-plugins]'
46 error enoent This is most likely not a problem with npm itself
46 error enoent and is related to npm not being able to find a file.
47 verbose exit [ -2, true ]
